|SourceProjectName:Ad4.hpr
|DestinationProjectName:ad4.htm
whhost.js
whmsg.js
whmozemu.js
whproxy.js
whstub.js
whutils.js
whver.js
whform.js
whphost.js
whstart.js
whtopic.js
whframes.js
whlang.js
whskin_info.htm
whskin_blank.htm
whskin_pickup.htm
whskin_homepage.htm
whskin_tw.htm
whnjs.htm
whthost.js
whtdhtml.htm
whihost.js
whibody.htm
whiform.htm
whfhost.js
whfbody.htm
whfform.htm
whghost.js
whgbody.htm
whgdhtml.htm
whgdef.htm
whproj.js
whproj.xml
whproj.htm
whxdata\whtoc.xml
whxdata\whidx.xml
whxdata\whfts.xml
whxdata\whglo.xml
whdata\whtoc.js
whdata\whtoc.htm
whdata\whtdata.js
whdata\whidx.js
whdata\whidx.htm
whdata\whidata.js
whdata\whfts.js
whdata\whfts.htm
whdata\whglo.js
whdata\whglo.htm
whdata\whgdata.js
whdata\whftdata.js
whdata\whfwdata.js
whres.xml
WebHelp.jar
WebHelp.cab
whgdata\whnvp30.htm
whgdata\whnvp31.htm
whgdata\whnvp32.htm
whgdata\whnvp33.htm
whgdata\whnvt30.htm
whgdata\whnvt31.htm
whgdata\whnvt32.htm
whgdata\whnvt33.htm
whgdata\whnvf30.htm
whgdata\whnvf31.htm
whgdata\whnvf32.htm
whgdata\whnvf33.htm
whgdata\whnvl31.htm
whgdata\whnvl32.htm
whgdata\whnvl33.htm
whgdata\whexpbar.gif
cshdat_webhelp.htm
whcsh_home.htm
whcshdata.htm
cshdat_robohelp.htm
wht_tab0.gif
wht_tab1.gif
wht_tab2.gif
wht_tab3.gif
wht_tab4.gif
wht_tab5.gif
wht_tab6.gif
wht_tab7.gif
wht_tab8.gif
wht_glo_h.gif
wht_glo_n.gif
wht_fts_h.gif
wht_fts_n.gif
wht_idx_h.gif
wht_idx_n.gif
wht_toc_h.gif
wht_toc_n.gif
wht_ws.gif
wht_ws_g.gif
wht_logo1.gif
wht_logo2.gif
wht_abgw.jpg
wht_abgi.jpg
wht_abge.jpg
wht_abtw.jpg
wht_abte.jpg
wht_abti.jpg
wht_spac.gif
wht_next.gif
wht_next_g.gif
wht_prev.gif
wht_prev_g.gif
wht_sync.gif
wht_hide.gif
wht_go.gif
whstart.ico
whestart.ico
whrstart.ico
whidhtml.htm
whfdhtml.htm
whskin_banner.htm
whtbar.js
Default.skn
whskin_pdhtml.htm
whskin_papplet.htm
whskin_plist.htm
whskin_tbars.htm
whskin_mbars.htm
wht_toc4.gif
wht_toc1.gif
wht_toc2.gif
wht_toc3.gif
whskin_frmset010.htm
whst_topics.xml
whskin_frmset01.htm
ad4a.hhk
ad4.hhc
ad4.hhk
Amministratore_DataBase.htm
Menu_Archivio.htm
Menu_Abilitazioni.htm
Menu_Servizi.htm
Come_Fare_per.htm
Archivio_Progetti.htm
Progetti.htm
Archivio_Progetti_Istanze.htm
Istanze.htm
Istanza.htm
Archivio_Progetti_Moduli.htm
Moduli.htm
Archivio_Progetti_Servizi.htm
Istanza_1.htm
Modulo.htm
Livello.htm
Multiplo.htm
Abilitazione.htm
Gruppo_Abilitazione.htm
Altri_dati_dei_Servizi.htm
Servizio.htm
Caratteristiche_Accesso.htm
Disabilitazione_Window.htm
Enti.htm
Ente.htm
Istanze_di_Ente_.htm
Personalizzazione.htm
Registrazioni_Accesso.htm
Situazione_Ambiente.htm
Riepilogo_Situazione.htm
Archivio_Comuni.htm
Inserimento_di_un_comune_in_una_registrazione.htm
Gestione_comuni_soppressi.htm
Comune.htm
Archivio_Banche.htm
Banche_e_Sportelli.htm
Archivio_Banche_A_S_L.htm
A_S_L.htm
Lingue_e_Gruppi_Linguistici.htm
Gruppi_di_Lavoro.htm
Ruoli.htm
Abilitazione_Gruppi_di_Utenti.htm
Gruppi.htm
Abilitazione_Gruppi_di_Utenti_Accessi.htm
Selezione_Utenti_da_inserire_in_un_Gruppo_.htm
Inserimento_utente_in_un_Gruppo_.htm
Eliminazione_utente_da_un_Gruppo_.htm
Accesso_del_Gruppo.htm
Caratteristiche_Accesso_Gruppo.htm
Inserimento_accesso_di_un_Gruppo_.htm
Modifica_accesso_di_un_Gruppo.htm
Eliminazione_accesso_da_un_Gruppo.htm
Modifica_caratteristiche_di_accesso_del_gruppo.htm
Elenco_Utenti.htm
Abilitazione_Utente.htm
Utente.htm
Password_modificata_il.htm
Possibilit_rinnovo_Password.htm
Stato.htm
Lingua.htm
Gruppo_di_lavoro.htm
Importanza.htm
Ultimo_tentativo_di_Accesso.htm
Tentativi_di_Accesso_Falliti.htm
Registrazione_Anagrafica.htm
Abilitazione_Utente_Accessi.htm
Accessi_per_Utente.htm
Abilitazione_Utente_Credenziali.htm
Credenziali_Utente.htm
Certificato.htm
Abilitazione_Utente_Richieste_Abilitazione.htm
Richieste_Abilitazione_Utente.htm
Accessi.htm
Accesso_dell_Utente.htm
Sequenza_accesso.htm
Gruppo_accesso.htm
Modulo_accesso.htm
Istanza_accesso.htm
Ruolo_accesso.htm
Numero_accessi.htm
Ultimo_accesso.htm
Note_accesso.htm
Tipi_Credenziale.htm
Livelli_di_Sicurezza.htm
Certificati_C_A_.htm
Richieste_di_Abilitazione.htm
Richiesta_di_Abilitazione.htm
Notifiche_automatiche_nella_gestione_delle_Richieste_di_Abilitazione.htm
Check_Constraint_procedurali.htm
Segnalazioni_di_Errore.htm
Interrogazioni.htm
Registro.htm
Aggiornamento_Banche_e_Sportelli.htm
Novit_.htm
Disabilitazione_Utenti.htm
ehlpdhtm.js
Ad4_rtf.css
images\MarkQ.gif
images\ebx_745442297.gif
images\MarkP.gif
images\ebx_717325586.gif
images\ebx_1212556737.gif
images\ebx_-912965372.gif
images\ebx_436684016.gif
images\ebx_-672044765.gif
images\ebx_115621155.gif
images\ebx_498079501.gif
images\ebx_-2008467080.gif
images\ebx_68472296.gif
images\ebx_1370433802.gif
images\ebx_1050786720.gif
images\ebx_-214672651.gif
Ad4_rtf_ns.css
whxdata\whtdata0.xml
whxdata\whidata0.xml
whxdata\whftdata0.xml
whxdata\whfwdata0.xml
whxdata\whfwdata1.xml
whxdata\whfwdata2.xml
whxdata\whfwdata3.xml
whxdata\whfwdata4.xml
whxdata\whfwdata5.xml
whxdata\whfwdata6.xml
whdata\whtdata0.htm
whdata\whidata0.htm
whdata\whftdata0.htm
whdata\whfwdata0.htm
whdata\whfwdata1.htm
whdata\whfwdata2.htm
whdata\whfwdata3.htm
whdata\whfwdata4.htm
whdata\whfwdata5.htm
whdata\whfwdata6.htm
whgdata\whlstt0.htm
whgdata\whlstt1.htm
whgdata\whlstt2.htm
whgdata\whlstt3.htm
whgdata\whlstt4.htm
whgdata\whlstt5.htm
whgdata\whlsti0.htm
whgdata\whlstfl0.htm
whgdata\whlstfl1.htm
whgdata\whlstfl2.htm
whgdata\whlstfl3.htm
whgdata\whlstfl4.htm
whgdata\whlstfl5.htm
whgdata\whlstfl6.htm
whgdata\whlstfl7.htm
whgdata\whlstfl8.htm
whgdata\whlstfl9.htm
whgdata\whlstfl10.htm
whgdata\whlstfl11.htm
whgdata\whlstfl12.htm
whgdata\whlstfl13.htm
whgdata\whlstfl14.htm
whgdata\whlstfl15.htm
whgdata\whlstfl16.htm
whgdata\whlstfl17.htm
whgdata\whlstfl18.htm
whgdata\whlstfl19.htm
whgdata\whlstfl20.htm
whgdata\whlstfl21.htm
whgdata\whlstf0.htm
whgdata\whlstf1.htm
whgdata\whlstf2.htm
whgdata\whlstf3.htm
whgdata\whlstf4.htm
whgdata\whlstf5.htm
whgdata\whlstf6.htm
whgdata\whlstf7.htm
whgdata\whlstf8.htm
whgdata\whlstf9.htm
whgdata\whlstf10.htm
whgdata\whlstf11.htm
whgdata\whlstf12.htm
whgdata\whlstf13.htm
whgdata\whlstf14.htm
whgdata\whlstg0.htm
ad4.htm
ad4_csh.htm
ad4_rhc.htm
