|SourceProjectName:Ad4web.hpr
|DestinationProjectName:index.htm
whhost.js
whmsg.js
whmozemu.js
whproxy.js
whstub.js
whutils.js
whver.js
whform.js
whphost.js
whstart.js
whtopic.js
whframes.js
whlang.js
whskin_info.htm
whskin_blank.htm
whskin_pickup.htm
whskin_homepage.htm
whskin_tw.htm
whnjs.htm
whthost.js
whtdhtml.htm
whihost.js
whibody.htm
whiform.htm
whfhost.js
whfbody.htm
whfform.htm
whghost.js
whgbody.htm
whgdhtml.htm
whgdef.htm
whproj.js
whproj.xml
whproj.htm
whxdata\whtoc.xml
whxdata\whidx.xml
whxdata\whfts.xml
whxdata\whglo.xml
whdata\whtoc.js
whdata\whtoc.htm
whdata\whtdata.js
whdata\whidx.js
whdata\whidx.htm
whdata\whidata.js
whdata\whfts.js
whdata\whfts.htm
whdata\whglo.js
whdata\whglo.htm
whdata\whgdata.js
whdata\whftdata.js
whdata\whfwdata.js
whres.xml
WebHelp.jar
WebHelp.cab
whgdata\whnvp30.htm
whgdata\whnvp31.htm
whgdata\whnvp32.htm
whgdata\whnvp33.htm
whgdata\whnvt30.htm
whgdata\whnvt31.htm
whgdata\whnvt32.htm
whgdata\whnvt33.htm
whgdata\whnvf30.htm
whgdata\whnvf31.htm
whgdata\whnvf32.htm
whgdata\whnvf33.htm
whgdata\whnvl31.htm
whgdata\whnvl32.htm
whgdata\whnvl33.htm
whgdata\whexpbar.gif
cshdat_webhelp.htm
whcsh_home.htm
whcshdata.htm
cshdat_robohelp.htm
wht_tab0.gif
wht_tab1.gif
wht_tab2.gif
wht_tab3.gif
wht_tab4.gif
wht_tab5.gif
wht_tab6.gif
wht_tab7.gif
wht_tab8.gif
wht_glo_h.gif
wht_glo_n.gif
wht_fts_h.gif
wht_fts_n.gif
wht_idx_h.gif
wht_idx_n.gif
wht_toc_h.gif
wht_toc_n.gif
wht_ws.gif
wht_ws_g.gif
wht_logo1.gif
wht_logo2.gif
wht_abgw.jpg
wht_abgi.jpg
wht_abge.jpg
wht_abtw.jpg
wht_abte.jpg
wht_abti.jpg
wht_spac.gif
wht_next.gif
wht_next_g.gif
wht_prev.gif
wht_prev_g.gif
wht_sync.gif
wht_hide.gif
wht_go.gif
whstart.ico
whestart.ico
whrstart.ico
whidhtml.htm
whfdhtml.htm
whskin_banner.htm
whtbar.js
Default.skn
whskin_pdhtml.htm
whskin_papplet.htm
whskin_plist.htm
whskin_tbars.htm
whskin_mbars.htm
wht_toc4.gif
wht_toc1.gif
wht_toc2.gif
wht_toc3.gif
whskin_frmset010.htm
whst_topics.xml
whskin_frmset01.htm
indexa.hhk
index.hhc
index.hhk
Amministratore_DataBase.htm
AD4ProgettiRicerca.htm
AD4Progetto.htm
AD4IstaElenco.htm
AD4Istanza.htm
AD4ModuElenco.htm
AD4Modulo.htm
AD4ServElenco.htm
AD4Servizio.htm
AD4CaratteristicheAccesso.htm
AD4EntiRicerca.htm
AD4Ente.htm
Istanze_di_Ente.htm
AD4Ambiente.htm
AD4RuoliRicerca.htm
AD4Gruppo.htm
AD4GruppoMod.htm
AD4DiacElencoGruppo.htm
Caratteristiche_Accesso_Gruppo.htm
AD4UtentiRicerca.htm
AD4Utente.htm
AD4DiacElenco.htm
AD4RiabElenco.htm
AD4Richiesta.htm
AD4UtenDiacElenco.htm
AD4DirittoAccesso.htm
Notifiche_automatiche.htm
AD4RegistroTree.htm
AD4AccessiTree.htm
AD4AccessiRicerca.htm
AD4EventiRicerca.htm
AD4Evento.htm
AD4LdapConfig.htm
Struttura_albero_Ldap.htm
AD4LdapGruppi.htm
AD4UsjoElenco.htm
AD4UserJob.htm
InfoApplicativo.htm
AD4Soggetto.htm
AD4ModParametri.htm
AD4RichiestaParametri.htm
AD4GrupElenco.htm
AD4GruppiRicerca.htm
AD4GruppiTree.htm
AD4Ruolo.htm
AD4RichiestaNotifica.htm
AD4SoggRicerca.htm
AD4Stringa.htm
ehlpdhtm.js
Ad4web_rtf(1).css
images\ebx_1713610776.gif
images\MarkP.gif
images\ebx_-815800694.gif
images\ebx_197689832.gif
images\ebx_712964708.gif
images\ebx_1067115714.gif
images\ebx_1162166967.gif
images\ebx_-2113374807.gif
images\ebx_-34939426.gif
images\ebx_-1376225440.gif
images\ebx_-1022308457.gif
images\ebx_-306036189.gif
images\ebx_1491570787.gif
images\ebx_-1052560370.gif
images\ebx_1633554137.gif
images\ebx_-1227805988.gif
images\ebx_-595906300.gif
images\ebx_-1709927239.gif
images\ebx_1049432160.gif
images\ebx_-729280411.gif
images\ebx_-200510657.gif
images\ebx_468207321.gif
images\ebx_-172435867.gif
images\ebx_1412576611.gif
images\ebx_2023783959.gif
images\ebx_-377763420.gif
images\ebx_174920053.gif
images\ebx_-323617938.gif
images\ebx_-558146545.gif
images\ebx_597659484.gif
images\ebx_-1012380947.gif
images\ebx_-903704232.gif
images\ebx_208174045.gif
images\ebx_830626422.gif
images\ebx_1267646791.gif
images\ebx_1611369236.gif
images\ebx_-1868347140.gif
images\ebx_-2077816884.gif
images\ebx_-1422439773.gif
images\ebx_-560336174.gif
images\ebx_-1935198995.gif
images\ebx_-151987185.gif
images\ebx_2135832809.gif
images\ebx_157253785.gif
images\ebx_-1861769970.gif
images\ebx_-2104628070.gif
images\ebx_-1065710817.gif
images\ebx_-611265980.gif
images\ebx_136692981.gif
images\ebx_104408709.gif
images\ebx_-793540545.gif
images\ebx_1153897447.gif
images\ebx_-1506964101.gif
images\ebx_866496295.gif
images\ebx_-605753399.gif
images\ebx_-449279120.gif
images\ebx_-1240806683.gif
images\ebx_819983366.gif
images\ebx_290259908.gif
images\ebx_1488353107.gif
images\ebx_1000809867.gif
images\ebx_-1132561523.gif
images\ebx_-1835329981.gif
images\ebx_1315527510.gif
images\ebx_-1236958851.gif
images\ebx_860282548.gif
images\ebx_1650216249.gif
images\ebx_-2009039547.gif
images\ebx_-1374579251.gif
images\ebx_-1340130609.gif
images\ebx_-1955466667.gif
images\ebx_-1040523907.gif
Ad4web_rtf(1)_ns.css
whxdata\whtdata0.xml
whxdata\whidata0.xml
whxdata\whftdata0.xml
whxdata\whfwdata0.xml
whxdata\whfwdata1.xml
whxdata\whfwdata2.xml
whxdata\whfwdata3.xml
whxdata\whfwdata4.xml
whxdata\whfwdata5.xml
whdata\whtdata0.htm
whdata\whidata0.htm
whdata\whftdata0.htm
whdata\whfwdata0.htm
whdata\whfwdata1.htm
whdata\whfwdata2.htm
whdata\whfwdata3.htm
whdata\whfwdata4.htm
whdata\whfwdata5.htm
whgdata\whlstt0.htm
whgdata\whlstt1.htm
whgdata\whlstt2.htm
whgdata\whlstt3.htm
whgdata\whlstt4.htm
whgdata\whlstt5.htm
whgdata\whlsti0.htm
whgdata\whlstfl0.htm
whgdata\whlstfl1.htm
whgdata\whlstfl2.htm
whgdata\whlstfl3.htm
whgdata\whlstfl4.htm
whgdata\whlstfl5.htm
whgdata\whlstfl6.htm
whgdata\whlstfl7.htm
whgdata\whlstfl8.htm
whgdata\whlstfl9.htm
whgdata\whlstfl10.htm
whgdata\whlstfl11.htm
whgdata\whlstfl12.htm
whgdata\whlstfl13.htm
whgdata\whlstfl14.htm
whgdata\whlstfl15.htm
whgdata\whlstfl16.htm
whgdata\whlstfl17.htm
whgdata\whlstfl18.htm
whgdata\whlstfl19.htm
whgdata\whlstfl20.htm
whgdata\whlstfl21.htm
whgdata\whlstf0.htm
whgdata\whlstf1.htm
whgdata\whlstf2.htm
whgdata\whlstf3.htm
whgdata\whlstf4.htm
whgdata\whlstf5.htm
whgdata\whlstf6.htm
whgdata\whlstf7.htm
whgdata\whlstf8.htm
whgdata\whlstf9.htm
whgdata\whlstf10.htm
whgdata\whlstf11.htm
whgdata\whlstg0.htm
index.htm
index_csh.htm
index_rhc.htm
